
> react-kavia@0.1.0 start
> react-scripts start

(node:552) [DEP_WEBPACK_DEV_SERVER_ON_AFTER_SETUP_MIDDLEWARE] DeprecationWarning: 'onAfterSetupMiddleware' option is deprecated. Please use the 'setupMiddlewares' option.
(Use `node --trace-deprecation ...` to show where the warning was created)
(node:552) [DEP_WEBPACK_DEV_SERVER_ON_BEFORE_SETUP_MIDDLEWARE] DeprecationWarning: 'onBeforeSetupMiddleware' option is deprecated. Please use the 'setupMiddlewares' option.
Starting the development server...

Compiled successfully!

You can now view react-kavia in the browser.

  Local:            http://localhost:3000
  On Your Network:  http://172.17.0.2:3000

Note that the development build is not optimized.
To create a production build, use npm run build.

webpack compiled successfully
Compiling...
Compiled successfully!
webpack compiled successfully
Compiling...
Failed to compile.

Syntax error: /home/kavia/workspace/code-generation/chatease-ai-6051-6059/main_container_for_chatease_ai/src/components/MainContainer/MainContainer.css Unclosed block (279:1)
  277 | 
  278 | /* Responsive styles */
> 279 | @media (max-width: 768px) {
      | ^
  280 |   .chat-container {
  281 |     flex-direction: column;
ERROR in ./src/components/MainContainer/MainContainer.css (./node_modules/css-loader/dist/cjs.js??ruleSet[1].rules[1].oneOf[5].use[1]!./node_modules/postcss-loader/dist/cjs.js??ruleSet[1].rules[1].oneOf[5].use[2]!./node_modules/source-map-loader/dist/cjs.js!./src/components/MainContainer/MainContainer.css)
Module build failed (from ./node_modules/postcss-loader/dist/cjs.js):
SyntaxError

(279:1) /home/kavia/workspace/code-generation/chatease-ai-6051-6059/main_container_for_chatease_ai/src/components/MainContainer/MainContainer.css Unclosed block

  277 | 
  278 | /* Responsive styles */
> 279 | @media (max-width: 768px) {
      | ^
  280 |   .chat-container {
  281 |     flex-direction: column;

webpack compiled with 1 error
Compiling...
Compiled successfully!
webpack compiled successfully
Compiling...
Compiled successfully!
webpack compiled successfully
